<?xml version="1.0" encoding="UTF-8"?>
<!-- Generated by org.testng.reporters.JUnitXMLReporter -->
<testsuite ignored="0" hostname="DESKTOP-EUFS7D5" failures="1" tests="1" name="ChromeDocker" time="13.127" errors="0" timestamp="2023-06-26T17:26:45 EET">
  <testcase classname="io.cucumber.testng.AbstractTestNGCucumberTests" name="runScenario" time="0.616">
    <failure type="java.io.FileNotFoundException" message="C:\Users\ZZ00VO865\Desktop\Automation\Selenuim_Java\SelenuimJava\src\test\java\Utilities\TestDate.xlsx (The system cannot find the path specified)">
      <![CDATA[java.io.FileNotFoundException: C:\Users\ZZ00VO865\Desktop\Automation\Selenuim_Java\SelenuimJava\src\test\java\Utilities\TestDate.xlsx (The system cannot find the path specified)
at java.base/java.io.FileInputStream.open0(Native Method)
at java.base/java.io.FileInputStream.open(FileInputStream.java:216)
at java.base/java.io.FileInputStream.<init>(FileInputStream.java:157)
at Utilities.readExcel.readColumnFromExcel(readExcel.java:25)
at pages.SubscribtionPage.check_Subscribtion(SubscribtionPage.java:72)
at stepDefinitions.StepDefinition.Check_SA(StepDefinition.java:20)
at ✽.Check Subscrition SA data(file:///C:/Users/ZZ00VO865/Desktop/Automation/Selenuim_Java/SelenuimJava/src/main/java/Features/Subscription.feature:5)
]]>
    </failure>
  </testcase> <!-- runScenario -->
</testsuite> <!-- ChromeDocker -->
