<?xml version="1.0" encoding="UTF-8"?>
<testsuite xmlns:xsi="http://www.w3.org/2001/XMLSchema-instance" xsi:noNamespaceSchemaLocation="https://maven.apache.org/surefire/maven-surefire-plugin/xsd/surefire-test-report-3.0.xsd" version="3.0" name="TestSuite" time="18.783" tests="1" errors="0" skipped="0" failures="1">
  <properties>
[...]
</properties>
  <testcase name="runScenario[&quot;Navigate to &quot;http://subscribe.stctv.com&quot; , Validate subscribtion package&quot;, &quot;Optional[subscribtion]&quot;](1)" classname="MyRunner.TestRunner" time="0.699">
    <failure message="Failed to decode response from marionette&#10;Build info: version: &apos;3.141.59&apos;, revision: &apos;e82be7d358&apos;, time: &apos;2018-11-14T08:17:03&apos;&#10;System info: host: &apos;DESKTOP-EUFS7D5&apos;, ip: &apos;192.168.1.12&apos;, os.name: &apos;Windows 11&apos;, os.arch: &apos;amd64&apos;, os.version: &apos;10.0&apos;, java.version: &apos;17.0.6&apos;&#10;Driver info: org.openqa.selenium.firefox.FirefoxDriver&#10;Capabilities {acceptInsecureCerts: true, browserName: firefox, browserVersion: 114.0.2, javascriptEnabled: true, moz:accessibilityChecks: false, moz:buildID: 20230619081400, moz:geckodriverVersion: 0.31.0, moz:headless: false, moz:platformVersion: 10.0, moz:processID: 6928, moz:profile: C:\Users\ZZ00VO~1\AppData\L..., moz:shutdownTimeout: 60000, moz:useNonSpecCompliantPointerOrigin: false, moz:webdriverClick: true, moz:windowless: false, pageLoadStrategy: normal, platform: WINDOWS, platformName: WINDOWS, proxy: Proxy(), setWindowRect: true, strictFileInteractability: false, timeouts: {implicit: 0, pageLoad: 300000, script: 30000}, unhandledPromptBehavior: dismiss and notify}&#10;Session ID: 78f045d8-6b69-47f6-abfd-57a5ac6fc49f&#10;*** Element info: {Using=xpath, value=(//div[@class=&apos;plan-names&apos;])[1]/div/strong}" type="org.openqa.selenium.WebDriverException"><![CDATA[org.openqa.selenium.WebDriverException: 
Failed to decode response from marionette
Build info: version: '3.141.59', revision: 'e82be7d358', time: '2018-11-14T08:17:03'
System info: host: 'DESKTOP-EUFS7D5', ip: '192.168.1.12', os.name: 'Windows 11', os.arch: 'amd64', os.version: '10.0', java.version: '17.0.6'
Driver info: org.openqa.selenium.firefox.FirefoxDriver
Capabilities {acceptInsecureCerts: true, browserName: firefox, browserVersion: 114.0.2, javascriptEnabled: true, moz:accessibilityChecks: false, moz:buildID: 20230619081400, moz:geckodriverVersion: 0.31.0, moz:headless: false, moz:platformVersion: 10.0, moz:processID: 6928, moz:profile: C:\Users\ZZ00VO~1\AppData\L..., moz:shutdownTimeout: 60000, moz:useNonSpecCompliantPointerOrigin: false, moz:webdriverClick: true, moz:windowless: false, pageLoadStrategy: normal, platform: WINDOWS, platformName: WINDOWS, proxy: Proxy(), setWindowRect: true, strictFileInteractability: false, timeouts: {implicit: 0, pageLoad: 300000, script: 30000}, unhandledPromptBehavior: dismiss and notify}
Session ID: 78f045d8-6b69-47f6-abfd-57a5ac6fc49f
*** Element info: {Using=xpath, value=(//div[@class='plan-names'])[1]/div/strong}
]]></failure>
    <system-out><![CDATA[[Configuration] [WARN] Detected a static method [MyRunner.TestRunner.tearDown()]. Static configuration methods can cause  unexpected behavior.
[Configuration] [WARN] Detected a static method [MyRunner.TestRunner.setUp()]. Static configuration methods can cause  unexpected behavior.
Starting..... 
Open Local Firefox
]]></system-out>
    <system-err><![CDATA[SLF4J: Failed to load class "org.slf4j.impl.StaticLoggerBinder".
SLF4J: Defaulting to no-operation (NOP) logger implementation
SLF4J: See http://www.slf4j.org/codes.html#StaticLoggerBinder for further details.
1687792657612	geckodriver	INFO	Listening on 127.0.0.1:30525
1687792658180	mozrunner::runner	INFO	Running command: "C:\\Program Files\\Mozilla Firefox\\firefox.exe" "--marionette" "-no-remote" "-profile" "C:\\Users\\ZZ00VO~1\\AppData\\Local\\Temp\\rust_mozprofilelo7MWf"
console.warn: services.settings: Ignoring preference override of remote settings server
console.warn: services.settings: Allow by setting MOZ_REMOTE_SETTINGS_DEVTOOLS=1 in the environment
1687792659640	Marionette	INFO	Marionette enabled
Dynamically enable window occlusion 0
1687792659655	Marionette	INFO	Listening on port 49444
Read port: 49444
1687792660025	RemoteAgent	WARN	TLS certificate errors will be ignored for this session
Jun 26, 2023 5:17:45 PM org.openqa.selenium.remote.ProtocolHandshake createSession
INFO: Detected dialect: W3C
Jun 26, 2023 5:17:45 PM org.openqa.selenium.remote.DesiredCapabilities firefox
INFO: Using `new FirefoxOptions()` is preferred to `DesiredCapabilities.firefox()`
1687792667511	Marionette	INFO	Stopped listening on port 49444
Dynamically enable window occlusion 1
JavaScript error: chrome://remote/content/marionette/cert.sys.mjs, line 51: NS_ERROR_NOT_AVAILABLE: Component returned failure code: 0x80040111 (NS_ERROR_NOT_AVAILABLE) [nsICertOverrideService.setDisableAllSecurityChecksAndLetAttackersInterceptMyData]
]]></system-err>
  </testcase>
</testsuite>