<?xml version="1.0" encoding="UTF-8"?>
<testng-results ignored="0" total="1" passed="1" failed="0" skipped="0">
  <reporter-output>
  </reporter-output>
  <suite started-at="2023-06-26T19:41:04 EET" name="BDD Test Suite" finished-at="2023-06-26T19:41:49 EET" duration-ms="44723">
    <groups>
      <group name="cucumber">
        <method signature="AbstractTestNGCucumberTests.runScenario(io.cucumber.testng.PickleWrapper,io.cucumber.testng.FeatureWrapper)[pri:0, instance:MyRunner.TestRunner@3d1cfad4]" name="runScenario" class="io.cucumber.testng.AbstractTestNGCucumberTests"/>
      </group> <!-- cucumber -->
    </groups>
    <test started-at="2023-06-26T19:41:04 EET" name="Firefox" finished-at="2023-06-26T19:41:49 EET" duration-ms="44723">
      <class name="MyRunner.TestRunner">
        <test-method is-config="true" signature="setUp(java.lang.String)[pri:0, instance:MyRunner.TestRunner@3d1cfad4]" started-at="2023-06-26T19:41:04 EET" name="setUp" finished-at="2023-06-26T19:41:28 EET" duration-ms="23805" status="PASS">
          <params>
            <param index="0">
              <value>
                <![CDATA[Firefox]]>
              </value>
            </param>
          </params>
          <reporter-output>
          </reporter-output>
        </test-method> <!-- setUp -->
        <test-method is-config="true" signature="setUpClass(org.testng.ITestContext)[pri:0, instance:MyRunner.TestRunner@3d1cfad4]" started-at="2023-06-26T19:41:28 EET" name="setUpClass" finished-at="2023-06-26T19:41:29 EET" duration-ms="936" status="PASS">
          <params>
            <param index="0">
              <value>
                <![CDATA[org.testng.TestRunner@26e356f0]]>
              </value>
            </param>
          </params>
          <reporter-output>
          </reporter-output>
        </test-method> <!-- setUpClass -->
        <test-method signature="runScenario(io.cucumber.testng.PickleWrapper,io.cucumber.testng.FeatureWrapper)[pri:0, instance:MyRunner.TestRunner@3d1cfad4]" started-at="2023-06-26T19:41:29 EET" name="runScenario" description="Runs Cucumber Scenarios" data-provider="scenarios" finished-at="2023-06-26T19:41:49 EET" duration-ms="19810" status="PASS">
          <params>
            <param index="0">
              <value>
                <![CDATA["Navigate to "http://subscribe.stctv.com" , Validate subscribtion package"]]>
              </value>
            </param>
            <param index="1">
              <value>
                <![CDATA["Optional[subscribtion]"]]>
              </value>
            </param>
          </params>
          <reporter-output>
          </reporter-output>
        </test-method> <!-- runScenario -->
        <test-method is-config="true" signature="tearDownClass()[pri:0, instance:MyRunner.TestRunner@3d1cfad4]" started-at="2023-06-26T19:41:49 EET" name="tearDownClass" finished-at="2023-06-26T19:41:49 EET" duration-ms="26" status="PASS">
          <reporter-output>
          </reporter-output>
        </test-method> <!-- tearDownClass -->
        <test-method is-config="true" signature="tearDown()[pri:0, instance:MyRunner.TestRunner@3d1cfad4]" started-at="2023-06-26T19:41:49 EET" name="tearDown" finished-at="2023-06-26T19:41:49 EET" duration-ms="1" status="PASS">
          <reporter-output>
          </reporter-output>
        </test-method> <!-- tearDown -->
      </class> <!-- MyRunner.TestRunner -->
    </test> <!-- Firefox -->
  </suite> <!-- BDD Test Suite -->
</testng-results>
